2017-01-13 10:42:58.667
开始获取数据！
2017-01-13 10:42:58.698
开始执行SQL！
2017-01-13 10:42:59.954
执行错误！Unable to connect to any of the specified MySQL hosts.
2017-01-13 10:44:08.970
开始获取数据！
2017-01-13 10:44:09.016
开始执行SQL！
2017-01-13 10:44:09.292
完成SQL！
2017-01-13 10:44:53.286
开始获取数据！
2017-01-13 10:44:53.294
开始执行SQL！
2017-01-13 10:44:53.329
完成SQL！
2017-01-13 10:45:14.999
开始获取数据！
2017-01-13 10:45:14.999
开始执行SQL！
2017-01-13 10:45:15.031
完成SQL！
2017-01-13 10:52:46.649
开始获取数据！
2017-01-13 10:52:46.664
开始执行SQL！
2017-01-13 10:52:47.039
完成SQL！
2017-01-13 11:22:30.069
开始获取数据！
2017-01-13 11:22:30.130
开始执行SQL！
2017-01-13 11:22:30.459
完成SQL！
2017-01-13 11:25:57.339
开始获取数据！
2017-01-13 11:25:57.348
开始执行SQL！
2017-01-13 11:25:57.945
完成SQL！
2017-01-13 11:26:35.584
开始获取数据！
2017-01-13 11:26:35.689
开始执行SQL！
2017-01-13 11:26:36.012
完成SQL！
2017-01-13 11:26:51.094
开始获取数据！
2017-01-13 11:26:51.098
开始执行SQL！
2017-01-13 11:26:51.106
完成SQL！
2017-01-13 11:28:28.720
开始获取数据！
2017-01-13 11:28:28.741
开始执行SQL！
2017-01-13 11:28:29.079
完成SQL！
2017-01-13 11:30:45.057
开始获取数据！
2017-01-13 11:30:45.156
开始执行SQL！
2017-01-13 11:30:45.317
完成SQL！
2017-01-13 11:32:21.449
开始获取数据！
2017-01-13 11:32:21.653
开始执行SQL！
2017-01-13 11:32:21.829
完成SQL！
2017-01-13 11:36:04.509
开始获取数据！
2017-01-13 11:36:04.520
开始执行SQL！
2017-01-13 11:36:04.737
完成SQL！
2017-01-13 11:37:43.804
开始获取数据！
2017-01-13 11:37:43.818
开始执行SQL！
2017-01-13 11:37:43.825
完成SQL！
2017-01-13 11:39:54.362
开始获取数据！
2017-01-13 11:39:54.366
开始执行SQL！
2017-01-13 11:39:54.373
完成SQL！
2017-01-13 11:40:18.820
开始获取数据！
2017-01-13 11:40:18.826
开始执行SQL！
2017-01-13 11:40:18.862
完成SQL！
2017-01-13 11:42:18.326
开始获取数据！
2017-01-13 11:42:18.343
开始执行SQL！
2017-01-13 11:42:18.518
完成SQL！
2017-01-13 11:43:07.194
开始获取数据！
2017-01-13 11:43:07.199
开始执行SQL！
2017-01-13 11:43:07.206
完成SQL！
2017-01-13 11:45:25.629
开始获取数据！
2017-01-13 11:45:25.711
开始执行SQL！
2017-01-13 11:45:25.934
完成SQL！
2017-01-13 11:45:38.205
开始获取数据！
2017-01-13 11:45:38.210
开始执行SQL！
2017-01-13 11:45:38.218
完成SQL！
2017-01-13 11:45:46.579
开始获取数据！
2017-01-13 11:45:46.585
开始执行SQL！
2017-01-13 11:45:46.591
完成SQL！
2017-01-13 11:46:09.414
开始获取数据！
2017-01-13 11:46:09.418
开始执行SQL！
2017-01-13 11:46:09.425
完成SQL！
2017-01-13 11:46:47.884
开始获取数据！
2017-01-13 11:46:47.889
开始执行SQL！
2017-01-13 11:46:47.898
完成SQL！
2017-01-13 11:48:51.548
开始获取数据！
2017-01-13 11:48:51.553
开始执行SQL！
2017-01-13 11:48:51.560
完成SQL！
2017-01-13 11:49:10.055
开始获取数据！
2017-01-13 11:49:10.059
开始执行SQL！
2017-01-13 11:49:10.066
完成SQL！
2017-01-13 11:49:24.126
开始获取数据！
2017-01-13 11:49:24.130
开始执行SQL！
2017-01-13 11:49:24.136
完成SQL！
2017-01-13 11:55:36.757
开始获取数据！
2017-01-13 11:55:36.898
开始执行SQL！
2017-01-13 11:55:37.098
完成SQL！
2017-01-13 11:57:58.821
开始获取数据！
2017-01-13 11:57:58.825
开始执行SQL！
2017-01-13 11:57:58.833
完成SQL！
2017-01-13 11:59:09.364
开始获取数据！
2017-01-13 11:59:09.369
开始执行SQL！
2017-01-13 11:59:09.375
完成SQL！
2017-01-13 11:59:18.115
开始获取数据！
2017-01-13 11:59:18.120
开始执行SQL！
2017-01-13 11:59:18.126
完成SQL！
2017-01-13 11:59:55.566
开始获取数据！
2017-01-13 11:59:55.591
开始执行SQL！
2017-01-13 11:59:56.069
完成SQL！
2017-01-13 12:01:34.222
开始获取数据！
2017-01-13 12:01:34.262
开始执行SQL！
2017-01-13 12:01:34.601
完成SQL！
2017-01-13 12:02:12.038
开始获取数据！
2017-01-13 12:02:12.050
开始执行SQL！
2017-01-13 12:02:12.057
完成SQL！
2017-01-13 12:02:16.287
开始获取数据！
2017-01-13 12:02:16.290
开始执行SQL！
2017-01-13 12:02:16.297
完成SQL！
2017-01-13 12:02:25.960
开始获取数据！
2017-01-13 12:02:25.965
开始执行SQL！
2017-01-13 12:02:25.971
完成SQL！
2017-01-13 12:05:34.338
开始获取数据！
2017-01-13 12:05:34.514
开始执行SQL！
2017-01-13 12:05:34.684
完成SQL！
2017-01-13 12:05:38.814
开始获取数据！
2017-01-13 12:05:38.819
开始执行SQL！
2017-01-13 12:05:38.826
完成SQL！
2017-01-13 12:05:52.091
开始获取数据！
2017-01-13 12:05:52.095
开始执行SQL！
2017-01-13 12:05:52.102
完成SQL！
2017-01-13 12:07:40.304
开始获取数据！
2017-01-13 12:07:40.311
开始执行SQL！
2017-01-13 12:07:40.670
完成SQL！
2017-01-13 12:08:08.456
开始获取数据！
2017-01-13 12:08:08.586
开始执行SQL！
2017-01-13 12:08:08.759
完成SQL！
2017-01-13 12:09:58.980
开始获取数据！
2017-01-13 12:09:59.092
开始执行SQL！
2017-01-13 12:09:59.334
完成SQL！
2017-01-13 12:10:20.782
开始获取数据！
2017-01-13 12:10:20.786
开始执行SQL！
2017-01-13 12:10:20.795
完成SQL！
2017-01-13 12:16:07.337
开始获取数据！
2017-01-13 12:16:07.517
开始执行SQL！
2017-01-13 12:16:07.720
完成SQL！
2017-01-13 12:32:24.462
开始获取数据！
2017-01-13 12:32:24.578
开始执行SQL！
2017-01-13 12:32:24.714
完成SQL！
2017-01-13 12:32:41.448
开始获取数据！
2017-01-13 12:32:41.500
开始执行SQL！
2017-01-13 12:32:41.998
完成SQL！
2017-01-13 12:43:01.246
开始获取数据！
2017-01-13 12:43:01.267
开始执行SQL！
2017-01-13 12:43:01.464
完成SQL！
2017-01-13 14:32:03.278
开始获取数据！
2017-01-13 14:32:03.307
开始执行SQL！
2017-01-13 14:32:03.532
完成SQL！
2017-01-13 14:35:13.141
开始获取数据！
2017-01-13 14:35:13.149
开始执行SQL！
2017-01-13 14:35:13.475
完成SQL！
2017-01-13 14:39:48.200
开始获取数据！
2017-01-13 14:39:48.210
开始执行SQL！
2017-01-13 14:39:48.703
完成SQL！
2017-01-13 14:43:26.380
开始获取数据！
2017-01-13 14:43:26.394
开始执行SQL！
2017-01-13 14:43:27.007
完成SQL！
2017-01-13 14:57:19.106
开始获取数据！
2017-01-13 14:57:19.179
开始执行SQL！
2017-01-13 14:57:19.476
完成SQL！
2017-01-13 15:06:50.310
开始获取数据！
2017-01-13 15:06:50.332
开始执行SQL！
2017-01-13 15:06:50.387
完成SQL！
2017-01-13 15:19:06.600
开始获取数据！
2017-01-13 15:19:06.647
开始执行SQL！
2017-01-13 15:19:07.082
完成SQL！
2017-01-13 15:42:43.337
开始获取数据！
2017-01-13 15:42:43.368
开始执行SQL！
2017-01-13 15:42:43.533
完成SQL！
2017-01-13 15:43:30.192
开始获取数据！
2017-01-13 15:43:30.213
开始执行SQL！
2017-01-13 15:43:30.635
完成SQL！
2017-01-13 15:47:50.098
开始获取数据！
2017-01-13 15:47:50.142
开始执行SQL！
2017-01-13 15:47:50.289
完成SQL！
2017-01-13 15:48:16.586
开始获取数据！
2017-01-13 15:48:16.606
开始执行SQL！
2017-01-13 15:48:16.679
完成SQL！
2017-01-13 15:54:16.134
开始获取数据！
2017-01-13 15:54:16.138
开始执行SQL！
2017-01-13 15:54:16.145
完成SQL！
2017-01-13 15:54:33.100
开始获取数据！
2017-01-13 15:54:33.104
开始执行SQL！
2017-01-13 15:54:33.111
完成SQL！
2017-01-13 15:54:50.550
开始获取数据！
2017-01-13 15:54:50.554
开始执行SQL！
2017-01-13 15:54:50.562
完成SQL！
2017-01-13 15:58:02.090
开始获取数据！
2017-01-13 15:58:02.093
开始执行SQL！
2017-01-13 15:58:02.099
完成SQL！
2017-01-13 15:59:59.110
开始获取数据！
2017-01-13 15:59:59.115
开始执行SQL！
2017-01-13 15:59:59.121
完成SQL！
2017-01-13 16:01:27.000
开始获取数据！
2017-01-13 16:01:27.004
开始执行SQL！
2017-01-13 16:01:27.012
完成SQL！
2017-01-13 16:02:05.587
开始获取数据！
2017-01-13 16:02:05.599
开始执行SQL！
2017-01-13 16:02:05.606
完成SQL！
2017-01-13 16:02:56.195
开始获取数据！
2017-01-13 16:02:56.201
开始执行SQL！
2017-01-13 16:02:56.209
完成SQL！
2017-01-13 16:13:11.071
开始获取数据！
2017-01-13 16:13:11.081
开始执行SQL！
2017-01-13 16:13:11.354
完成SQL！
2017-01-13 16:15:27.978
开始获取数据！
2017-01-13 16:15:28.003
开始执行SQL！
2017-01-13 16:15:28.068
完成SQL！
2017-01-13 16:16:10.926
开始获取数据！
2017-01-13 16:16:10.939
开始执行SQL！
2017-01-13 16:16:10.948
完成SQL！
2017-01-13 16:16:29.848
开始获取数据！
2017-01-13 16:16:29.869
开始执行SQL！
2017-01-13 16:16:29.993
完成SQL！
2017-01-13 16:16:36.334
开始获取数据！
2017-01-13 16:16:36.376
开始执行SQL！
2017-01-13 16:16:36.423
完成SQL！
2017-01-13 16:17:11.898
开始获取数据！
2017-01-13 16:17:11.903
开始执行SQL！
2017-01-13 16:17:11.910
完成SQL！
2017-01-13 16:17:38.768
开始获取数据！
2017-01-13 16:17:38.776
开始执行SQL！
2017-01-13 16:17:38.782
完成SQL！
2017-01-13 16:17:41.970
开始获取数据！
2017-01-13 16:17:41.974
开始执行SQL！
2017-01-13 16:17:41.979
完成SQL！
2017-01-13 16:18:32.231
开始获取数据！
2017-01-13 16:18:32.284
开始执行SQL！
2017-01-13 16:18:32.550
完成SQL！
2017-01-13 16:18:47.683
开始获取数据！
2017-01-13 16:18:47.686
开始执行SQL！
2017-01-13 16:18:47.693
完成SQL！
2017-01-13 16:31:50.936
开始获取数据！
2017-01-13 16:31:50.996
开始执行SQL！
2017-01-13 16:31:51.361
完成SQL！
2017-01-13 16:33:25.361
开始获取数据！
2017-01-13 16:33:25.366
开始执行SQL！
2017-01-13 16:33:25.374
完成SQL！
2017-01-13 16:33:50.308
开始获取数据！
2017-01-13 16:33:50.311
开始执行SQL！
2017-01-13 16:33:50.318
完成SQL！
2017-01-13 16:33:57.226
开始获取数据！
2017-01-13 16:33:57.230
开始执行SQL！
2017-01-13 16:33:57.236
完成SQL！
2017-01-13 16:34:04.882
开始获取数据！
2017-01-13 16:34:04.886
开始执行SQL！
2017-01-13 16:34:04.893
完成SQL！
2017-01-13 16:39:56.723
开始获取数据！
2017-01-13 16:39:56.728
开始执行SQL！
2017-01-13 16:39:56.735
完成SQL！
2017-01-13 16:40:09.641
开始获取数据！
2017-01-13 16:40:09.648
开始执行SQL！
2017-01-13 16:40:09.655
完成SQL！
2017-01-13 16:40:39.880
开始获取数据！
2017-01-13 16:40:39.888
开始执行SQL！
2017-01-13 16:40:39.894
完成SQL！
2017-01-13 16:40:47.036
开始获取数据！
2017-01-13 16:40:47.041
开始执行SQL！
2017-01-13 16:40:47.049
完成SQL！
2017-01-13 16:40:58.334
开始获取数据！
2017-01-13 16:40:58.337
开始执行SQL！
2017-01-13 16:40:58.352
完成SQL！
2017-01-13 16:41:47.263
开始获取数据！
2017-01-13 16:41:47.267
开始执行SQL！
2017-01-13 16:41:47.274
完成SQL！
2017-01-13 16:42:57.278
开始获取数据！
2017-01-13 16:42:57.394
开始执行SQL！
2017-01-13 16:42:57.648
完成SQL！
2017-01-13 16:44:05.430
开始获取数据！
2017-01-13 16:44:05.438
开始执行SQL！
2017-01-13 16:44:05.851
完成SQL！
2017-01-13 16:45:39.714
开始获取数据！
2017-01-13 16:45:39.735
开始执行SQL！
2017-01-13 16:45:39.833
完成SQL！
2017-01-13 16:45:43.703
开始获取数据！
2017-01-13 16:45:43.707
开始执行SQL！
2017-01-13 16:45:43.756
完成SQL！
2017-01-13 16:46:08.175
开始获取数据！
2017-01-13 16:46:08.197
开始执行SQL！
2017-01-13 16:46:08.266
完成SQL！
2017-01-13 16:46:12.383
开始获取数据！
2017-01-13 16:46:12.402
开始执行SQL！
2017-01-13 16:46:12.428
完成SQL！
2017-01-13 16:46:26.500
开始获取数据！
2017-01-13 16:46:26.517
开始执行SQL！
2017-01-13 16:46:26.551
完成SQL！
2017-01-13 16:47:32.776
开始获取数据！
2017-01-13 16:47:32.796
开始执行SQL！
2017-01-13 16:47:32.818
完成SQL！
2017-01-13 16:47:47.347
开始获取数据！
2017-01-13 16:47:47.368
开始执行SQL！
2017-01-13 16:47:47.415
完成SQL！
2017-01-13 17:12:41.147
开始获取数据！
2017-01-13 17:12:41.165
开始执行SQL！
2017-01-13 17:12:51.472
开始获取数据！
2017-01-13 17:12:51.640
开始执行SQL！
2017-01-13 17:12:52.463
完成SQL！
2017-01-13 17:18:39.924
开始获取数据！
2017-01-13 17:18:39.940
开始执行SQL！
2017-01-13 17:18:40.661
完成SQL！
2017-01-13 17:31:21.299
开始获取数据！
2017-01-13 17:31:21.305
开始执行SQL！
2017-01-13 17:31:21.313
完成SQL！
2017-01-13 17:31:26.562
开始获取数据！
2017-01-13 17:31:26.565
开始执行SQL！
2017-01-13 17:31:26.571
完成SQL！
2017-01-13 17:32:05.884
开始获取数据！
2017-01-13 17:32:05.888
开始执行SQL！
2017-01-13 17:32:05.894
完成SQL！
2017-01-13 17:32:11.445
开始获取数据！
2017-01-13 17:32:11.448
开始执行SQL！
2017-01-13 17:32:11.455
完成SQL！
2017-01-13 17:50:32.513
开始获取数据！
2017-01-13 17:50:32.582
开始执行SQL！
2017-01-13 17:50:32.757
完成SQL！
2017-01-13 17:50:57.714
开始获取数据！
2017-01-13 17:50:57.720
开始执行SQL！
2017-01-13 17:50:57.727
完成SQL！
2017-01-13 17:51:36.004
开始获取数据！
2017-01-13 17:51:36.010
开始执行SQL！
2017-01-13 17:51:36.017
完成SQL！
2017-01-13 17:52:09.315
开始获取数据！
2017-01-13 17:52:09.322
开始执行SQL！
2017-01-13 17:52:09.329
完成SQL！
2017-01-13 17:54:40.867
开始获取数据！
2017-01-13 17:54:40.896
开始执行SQL！
2017-01-13 17:54:41.169
完成SQL！
2017-01-13 17:55:03.923
开始获取数据！
2017-01-13 17:55:03.930
开始执行SQL！
2017-01-13 17:55:03.937
完成SQL！
2017-01-13 18:14:42.511
开始获取数据！
2017-01-13 18:14:42.518
开始执行SQL！
2017-01-13 18:14:42.747
完成SQL！
2017-01-13 19:00:03.376
开始获取数据！
2017-01-13 19:00:03.422
开始执行SQL！
2017-01-13 19:00:03.568
完成SQL！
2017-01-13 19:02:28.503
开始获取数据！
2017-01-13 19:02:28.540
开始执行SQL！
2017-01-13 19:02:28.642
完成SQL！
2017-01-13 19:02:38.143
开始获取数据！
2017-01-13 19:02:38.153
开始执行SQL！
2017-01-13 19:02:38.161
完成SQL！
2017-01-13 19:03:31.257
开始获取数据！
2017-01-13 19:03:31.261
开始执行SQL！
2017-01-13 19:03:31.267
完成SQL！
2017-01-13 19:03:37.183
开始获取数据！
2017-01-13 19:03:37.187
开始执行SQL！
2017-01-13 19:03:37.194
完成SQL！
