2017-01-17 10:35:31.954
开始获取数据！
2017-01-17 10:35:32.177
开始执行SQL！
2017-01-17 10:35:32.648
完成SQL！
2017-01-17 15:56:34.389
开始获取数据！
2017-01-17 15:56:34.417
开始执行SQL！
2017-01-17 15:56:34.647
完成SQL！
2017-01-17 15:59:21.354
开始获取数据！
2017-01-17 15:59:21.360
开始执行SQL！
2017-01-17 15:59:21.524
完成SQL！
2017-01-17 16:12:16.699
开始获取数据！
2017-01-17 16:12:16.721
开始执行SQL！
2017-01-17 16:12:17.240
完成SQL！
2017-01-17 16:15:11.312
开始获取数据！
2017-01-17 16:15:11.378
开始执行SQL！
2017-01-17 16:15:11.756
完成SQL！
2017-01-17 16:19:52.347
开始获取数据！
2017-01-17 16:19:52.354
开始执行SQL！
2017-01-17 16:19:52.546
完成SQL！
2017-01-17 17:30:10.813
开始获取数据！
2017-01-17 17:30:10.844
开始执行SQL！
2017-01-17 17:30:12.100
执行错误！Unable to connect to any of the specified MySQL hosts.
2017-01-17 17:30:33.099
开始获取数据！
2017-01-17 17:30:33.113
开始执行SQL！
2017-01-17 17:30:34.544
执行错误！Unable to connect to any of the specified MySQL hosts.
2017-01-17 17:32:07.917
开始获取数据！
2017-01-17 17:32:07.936
开始执行SQL！
2017-01-17 17:32:09.263
执行错误！Unable to connect to any of the specified MySQL hosts.
2017-01-17 17:32:26.904
开始获取数据！
2017-01-17 17:32:26.927
开始执行SQL！
2017-01-17 17:32:28.146
执行错误！Unable to connect to any of the specified MySQL hosts.
2017-01-17 17:33:23.597
开始获取数据！
2017-01-17 17:33:23.624
开始执行SQL！
2017-01-17 17:33:23.800
完成SQL！
2017-01-17 18:32:23.831
开始获取数据！
2017-01-17 18:32:23.873
开始执行SQL！
2017-01-17 18:32:24.036
完成SQL！
2017-01-17 18:38:53.798
开始获取数据！
2017-01-17 18:38:53.828
开始执行SQL！
2017-01-17 18:38:54.029
完成SQL！
