2017-01-03 13:23:31.163
开始获取数据！
2017-01-03 13:23:31.172
开始执行SQL！
2017-01-03 13:24:01.328
执行错误！Unable to connect to any of the specified MySQL hosts.
2017-01-03 13:24:42.452
开始获取数据！
2017-01-03 13:24:42.463
开始执行SQL！
2017-01-03 13:24:44.338
执行错误！Unable to connect to any of the specified MySQL hosts.
2017-01-03 13:25:34.358
开始获取数据！
2017-01-03 13:25:34.368
开始执行SQL！
2017-01-03 13:25:34.610
完成SQL！
2017-01-03 13:28:38.086
开始获取数据！
2017-01-03 13:28:38.137
开始执行SQL！
2017-01-03 13:32:29.506
开始获取数据！
2017-01-03 13:32:29.604
开始执行SQL！
2017-01-03 13:32:35.301
完成SQL！
2017-01-03 14:13:56.508
开始获取数据！
2017-01-03 14:13:56.521
开始执行SQL！
2017-01-03 14:13:59.421
完成SQL！
2017-01-03 14:14:41.042
开始获取数据！
2017-01-03 14:14:41.105
开始执行SQL！
2017-01-03 14:14:41.214
完成SQL！
2017-01-03 18:37:51.755
开始获取数据！
2017-01-03 18:37:51.770
开始执行SQL！
2017-01-03 18:37:54.361
完成SQL！
2017-01-03 18:38:22.256
开始获取数据！
2017-01-03 18:38:22.256
开始执行SQL！
