2017-01-14 20:04:57.045
开始获取数据！
2017-01-14 20:04:57.060
开始执行SQL！
2017-01-14 20:05:12.842
执行错误！Unable to connect to any of the specified MySQL hosts.
2017-01-14 20:07:13.683
开始获取数据！
2017-01-14 20:07:13.699
开始执行SQL！
2017-01-14 20:07:14.137
完成SQL！
2017-01-14 20:07:39.308
开始获取数据！
2017-01-14 20:07:39.308
开始执行SQL！
2017-01-14 20:07:39.324
完成SQL！
2017-01-14 20:11:28.158
开始获取数据！
2017-01-14 20:11:28.205
开始执行SQL！
2017-01-14 20:11:28.486
完成SQL！
2017-01-14 20:11:38.423
开始获取数据！
2017-01-14 20:11:38.423
开始执行SQL！
2017-01-14 20:11:38.439
完成SQL！
2017-01-14 20:13:09.282
开始获取数据！
2017-01-14 20:13:09.282
开始执行SQL！
2017-01-14 20:13:09.282
完成SQL！
2017-01-14 20:13:21.016
开始获取数据！
2017-01-14 20:13:21.016
开始执行SQL！
2017-01-14 20:13:21.032
完成SQL！
2017-01-14 20:22:56.761
开始获取数据！
2017-01-14 20:22:56.808
开始执行SQL！
2017-01-14 20:22:57.151
完成SQL！
2017-01-14 20:31:31.060
开始获取数据！
2017-01-14 20:31:31.060
开始执行SQL！
2017-01-14 20:31:31.435
完成SQL！
2017-01-14 20:33:40.060
开始获取数据！
2017-01-14 20:33:40.091
开始执行SQL！
2017-01-14 20:33:40.716
完成SQL！
2017-01-14 20:34:10.514
开始获取数据！
2017-01-14 20:34:10.529
开始执行SQL！
2017-01-14 20:34:10.529
完成SQL！
2017-01-14 20:34:21.732
开始获取数据！
2017-01-14 20:34:21.732
开始执行SQL！
2017-01-14 20:34:21.748
完成SQL！
2017-01-14 20:36:16.407
开始获取数据！
2017-01-14 20:36:16.423
开始执行SQL！
2017-01-14 20:36:16.751
完成SQL！
2017-01-14 20:36:51.923
开始获取数据！
2017-01-14 20:36:51.938
开始执行SQL！
2017-01-14 20:36:51.938
完成SQL！
2017-01-14 20:39:03.897
开始获取数据！
2017-01-14 20:39:03.960
开始执行SQL！
2017-01-14 20:39:04.039
完成SQL！
2017-01-14 20:39:42.460
开始获取数据！
2017-01-14 20:39:42.491
开始执行SQL！
2017-01-14 20:39:42.960
完成SQL！
2017-01-14 20:40:25.960
开始获取数据！
2017-01-14 20:40:25.975
开始执行SQL！
2017-01-14 20:40:25.975
完成SQL！
2017-01-14 20:46:04.113
开始获取数据！
2017-01-14 20:46:04.113
开始执行SQL！
2017-01-14 20:46:04.363
完成SQL！
2017-01-14 20:51:06.925
开始获取数据！
2017-01-14 20:51:06.941
开始执行SQL！
2017-01-14 20:51:07.394
完成SQL！
2017-01-14 20:52:27.759
开始获取数据！
2017-01-14 20:52:27.759
开始执行SQL！
2017-01-14 20:52:27.775
完成SQL！
2017-01-14 20:52:42.004
开始获取数据！
2017-01-14 20:52:42.004
开始执行SQL！
2017-01-14 20:52:42.004
完成SQL！
2017-01-14 20:53:07.025
开始获取数据！
2017-01-14 20:53:07.025
开始执行SQL！
2017-01-14 20:53:07.150
完成SQL！
2017-01-14 20:53:11.384
开始获取数据！
2017-01-14 20:53:11.400
开始执行SQL！
2017-01-14 20:53:11.446
完成SQL！
2017-01-14 20:53:28.493
开始获取数据！
2017-01-14 20:53:28.509
开始执行SQL！
2017-01-14 20:53:28.509
完成SQL！
2017-01-14 20:53:42.868
开始获取数据！
2017-01-14 20:53:42.868
开始执行SQL！
2017-01-14 20:53:42.884
完成SQL！
